11/15/2013 08:49:30 - PHP ERROR [Notice] -There was a problem with the following SQL query. Error = Table 'jarvis.botpersonality' doesn't exist
SQL = SELECT * FROM `jarvis`.`botpersonality` WHERE `bot_id` = '1' in /Users/stitchsori/Developpement/www/ChatBotCore/library/db_functions.php on Line 57
11/15/2013 08:49:30 - PHP ERROR [Warning] -mysql_fetch_assoc() expects parameter 1 to be resource, boolean given in /Users/stitchsori/Developpement/www/ChatBotCore/chatbot/core/conversation/intialise_conversation.php on Line 106
11/15/2013 08:49:30 - PHP ERROR [Warning] -mysql_free_result() expects parameter 1 to be resource, boolean given in /Users/stitchsori/Developpement/www/ChatBotCore/chatbot/core/conversation/intialise_conversation.php on Line 110
11/15/2013 08:49:30 - PHP ERROR [Notice] -Undefined index: send_to_user in /Users/stitchsori/Developpement/www/ChatBotCore/chatbot/core/conversation/display_conversation.php on Line 193
11/15/2013 08:49:30 - PHP ERROR [Notice] -Undefined variable: time in /Users/stitchsori/Developpement/www/ChatBotCore/chatbot/conversation_start.php on Line 173
11/15/2013 08:49:30 - PHP ERROR [Warning] -file_put_contents(/Users/stitchsori/Developpement/www/ChatBotCore/chatbot/debug/09ae0ee1d51efbb28e6bc309ae15a630.txt): failed to open stream: No such file or directory in /Users/stitchsori/Developpement/www/ChatBotCore/library/error_functions.php on Line 260
11/15/2013 08:51:32 - PHP ERROR [Notice] -Undefined index: send_to_user in /Users/stitchsori/Developpement/www/ChatBotCore/chatbot/core/conversation/display_conversation.php on Line 193
11/15/2013 08:51:32 - PHP ERROR [Notice] -Undefined variable: time in /Users/stitchsori/Developpement/www/ChatBotCore/chatbot/conversation_start.php on Line 173
11/15/2013 08:51:32 - PHP ERROR [Warning] -file_put_contents(/Users/stitchsori/Developpement/www/ChatBotCore/chatbot/debug/09a810bae8db65be81d6daade02f3b4a.txt): failed to open stream: No such file or directory in /Users/stitchsori/Developpement/www/ChatBotCore/library/error_functions.php on Line 260
11/15/2013 09:48:33 - PHP ERROR [Notice] -Undefined index: send_to_user in /Users/stitchsori/Developpement/www/ChatBotCore/chatbot/core/conversation/display_conversation.php on Line 193
11/15/2013 09:48:33 - PHP ERROR [Notice] -Undefined variable: time in /Users/stitchsori/Developpement/www/ChatBotCore/chatbot/conversation_start.php on Line 173
11/15/2013 09:48:33 - PHP ERROR [Warning] -file_put_contents(/Users/stitchsori/Developpement/www/ChatBotCore/chatbot/debug/db4a026214b670943b2555095316aecb.txt): failed to open stream: No such file or directory in /Users/stitchsori/Developpement/www/ChatBotCore/library/error_functions.php on Line 260
11/15/2013 09:48:44 - PHP ERROR [Notice] -Undefined index: send_to_user in /Users/stitchsori/Developpement/www/ChatBotCore/chatbot/core/conversation/display_conversation.php on Line 193
11/15/2013 09:48:44 - PHP ERROR [Notice] -Undefined variable: time in /Users/stitchsori/Developpement/www/ChatBotCore/chatbot/conversation_start.php on Line 173
11/15/2013 09:48:44 - PHP ERROR [Warning] -file_put_contents(/Users/stitchsori/Developpement/www/ChatBotCore/chatbot/debug/5879ed607bad8f2bfd13cfe6aad1cfb4.txt): failed to open stream: No such file or directory in /Users/stitchsori/Developpement/www/ChatBotCore/library/error_functions.php on Line 260
11/15/2013 09:53:53 - PHP ERROR [Notice] -Undefined index: send_to_user in /Users/stitchsori/Developpement/www/ChatBotCore/chatbot/core/conversation/display_conversation.php on Line 193
11/15/2013 09:53:53 - PHP ERROR [Notice] -Undefined variable: time in /Users/stitchsori/Developpement/www/ChatBotCore/chatbot/conversation_start.php on Line 173
11/15/2013 09:53:53 - PHP ERROR [Warning] -file_put_contents(/Users/stitchsori/Developpement/www/ChatBotCore/chatbot/debug/162dc07c5bfa2d42a6da01d885cc8abd.txt): failed to open stream: No such file or directory in /Users/stitchsori/Developpement/www/ChatBotCore/library/error_functions.php on Line 260
11/15/2013 09:54:06 - PHP ERROR [Warning] -file_put_contents(/Users/stitchsori/Developpement/www/ChatBotCore/chatbot/debug/162dc07c5bfa2d42a6da01d885cc8abd.txt): failed to open stream: No such file or directory in /Users/stitchsori/Developpement/www/ChatBotCore/library/error_functions.php on Line 260
11/15/2013 09:54:14 - PHP ERROR [Warning] -file_put_contents(/Users/stitchsori/Developpement/www/ChatBotCore/chatbot/debug/162dc07c5bfa2d42a6da01d885cc8abd.txt): failed to open stream: No such file or directory in /Users/stitchsori/Developpement/www/ChatBotCore/library/error_functions.php on Line 260
11/15/2013 10:39:33 - PHP ERROR [Notice] -Undefined index: send_to_user in /Users/stitchsori/Developpement/www/ChatBotCore/chatbot/core/conversation/display_conversation.php on Line 193
11/15/2013 10:39:33 - PHP ERROR [Notice] -Undefined variable: time in /Users/stitchsori/Developpement/www/ChatBotCore/chatbot/conversation_start.php on Line 173
11/15/2013 10:39:33 - PHP ERROR [Warning] -file_put_contents(/Users/stitchsori/Developpement/www/ChatBotCore/chatbot/debug/df8bad23c34eb7fbdd266c3e6dfc03fb.txt): failed to open stream: No such file or directory in /Users/stitchsori/Developpement/www/ChatBotCore/library/error_functions.php on Line 260
11/15/2013 10:45:32 - PHP ERROR [Notice] -Undefined index: send_to_user in /Users/stitchsori/Developpement/www/ChatBotCore/chatbot/core/conversation/display_conversation.php on Line 193
11/15/2013 10:45:32 - PHP ERROR [Notice] -Undefined variable: time in /Users/stitchsori/Developpement/www/ChatBotCore/chatbot/conversation_start.php on Line 173
11/15/2013 10:45:32 - PHP ERROR [Warning] -file_put_contents(/Users/stitchsori/Developpement/www/ChatBotCore/chatbot/debug/e4973f6ea5d86ce558cb823383fed14a.txt): failed to open stream: No such file or directory in /Users/stitchsori/Developpement/www/ChatBotCore/library/error_functions.php on Line 260
11/15/2013 10:46:25 - PHP ERROR [Notice] -Undefined index: send_to_user in /Users/stitchsori/Developpement/www/ChatBotCore/chatbot/core/conversation/display_conversation.php on Line 193
11/15/2013 10:46:25 - PHP ERROR [Notice] -Undefined variable: time in /Users/stitchsori/Developpement/www/ChatBotCore/chatbot/conversation_start.php on Line 173
11/15/2013 10:46:25 - PHP ERROR [Warning] -file_put_contents(/Users/stitchsori/Developpement/www/ChatBotCore/chatbot/debug/e7a63da001a238791fb5a42a2c0a7672.txt): failed to open stream: No such file or directory in /Users/stitchsori/Developpement/www/ChatBotCore/library/error_functions.php on Line 260
11/15/2013 10:46:40 - PHP ERROR [Notice] -Undefined index: send_to_user in /Users/stitchsori/Developpement/www/ChatBotCore/chatbot/core/conversation/display_conversation.php on Line 193
11/15/2013 10:46:40 - PHP ERROR [Notice] -Undefined variable: time in /Users/stitchsori/Developpement/www/ChatBotCore/chatbot/conversation_start.php on Line 173
11/15/2013 10:46:40 - PHP ERROR [Warning] -file_put_contents(/Users/stitchsori/Developpement/www/ChatBotCore/chatbot/debug/90269238fc8fd50a3a37893c9bcc0de6.txt): failed to open stream: No such file or directory in /Users/stitchsori/Developpement/www/ChatBotCore/library/error_functions.php on Line 260
11/15/2013 10:46:50 - PHP ERROR [Warning] -file_put_contents(/Users/stitchsori/Developpement/www/ChatBotCore/chatbot/debug/90269238fc8fd50a3a37893c9bcc0de6.txt): failed to open stream: No such file or directory in /Users/stitchsori/Developpement/www/ChatBotCore/library/error_functions.php on Line 260
11/15/2013 10:50:44 - PHP ERROR [Warning] -file_put_contents(/Users/stitchsori/Developpement/www/ChatBotCore/chatbot/debug/90269238fc8fd50a3a37893c9bcc0de6.txt): failed to open stream: No such file or directory in /Users/stitchsori/Developpement/www/ChatBotCore/library/error_functions.php on Line 260
11/16/2013 15:37:58 - PHP ERROR [Notice] -Undefined index: send_to_user in /Users/stitchsori/Developpement/www/ChatBotCore/chatbot/core/conversation/display_conversation.php on Line 193
11/16/2013 15:37:58 - PHP ERROR [Notice] -Undefined variable: time in /Users/stitchsori/Developpement/www/ChatBotCore/chatbot/conversation_start.php on Line 173
11/16/2013 15:37:58 - PHP ERROR [Warning] -file_put_contents(/Users/stitchsori/Developpement/www/ChatBotCore/chatbot/debug/41838c72554181c81dbe5460ba0dcefc.txt): failed to open stream: No such file or directory in /Users/stitchsori/Developpement/www/ChatBotCore/library/error_functions.php on Line 260
11/16/2013 17:20:16 - PHP ERROR [Notice] -Undefined index: send_to_user in /Users/stitchsori/Developpement/www/ChatBotCore/chatbot/core/conversation/display_conversation.php on Line 193
11/16/2013 17:20:16 - PHP ERROR [Notice] -Undefined variable: time in /Users/stitchsori/Developpement/www/ChatBotCore/chatbot/conversation_start.php on Line 173
11/16/2013 17:20:16 - PHP ERROR [Warning] -file_put_contents(/Users/stitchsori/Developpement/www/ChatBotCore/chatbot/debug/64d395d4cae9e37ce84a3d0d955a6fc4.txt): failed to open stream: No such file or directory in /Users/stitchsori/Developpement/www/ChatBotCore/library/error_functions.php on Line 260
11/16/2013 17:45:49 - PHP ERROR [Notice] -Undefined index: send_to_user in /Users/stitchsori/Developpement/www/ChatBotCore/chatbot/core/conversation/display_conversation.php on Line 193
11/16/2013 17:45:49 - PHP ERROR [Notice] -Undefined variable: time in /Users/stitchsori/Developpement/www/ChatBotCore/chatbot/conversation_start.php on Line 173
11/16/2013 17:45:49 - PHP ERROR [Warning] -file_put_contents(/Users/stitchsori/Developpement/www/ChatBotCore/chatbot/debug/c72885e2071d7a29247ad3cdb58e28ae.txt): failed to open stream: No such file or directory in /Users/stitchsori/Developpement/www/ChatBotCore/library/error_functions.php on Line 260
11/16/2013 17:48:35 - PHP ERROR [Notice] -Undefined index: send_to_user in /Users/stitchsori/Developpement/www/ChatBotCore/chatbot/core/conversation/display_conversation.php on Line 193
11/16/2013 17:48:35 - PHP ERROR [Notice] -Undefined variable: time in /Users/stitchsori/Developpement/www/ChatBotCore/chatbot/conversation_start.php on Line 173
11/16/2013 17:48:35 - PHP ERROR [Warning] -file_put_contents(/Users/stitchsori/Developpement/www/ChatBotCore/chatbot/debug/5d1ff10a2a688992f86716cf0f5da713.txt): failed to open stream: No such file or directory in /Users/stitchsori/Developpement/www/ChatBotCore/library/error_functions.php on Line 260
11/16/2013 17:49:03 - PHP ERROR [Warning] -file_put_contents(/Users/stitchsori/Developpement/www/ChatBotCore/chatbot/debug/5d1ff10a2a688992f86716cf0f5da713.txt): failed to open stream: No such file or directory in /Users/stitchsori/Developpement/www/ChatBotCore/library/error_functions.php on Line 260
11/16/2013 17:58:21 - PHP ERROR [Notice] -Undefined index: send_to_user in /Users/stitchsori/Developpement/www/ChatBotCore/chatbot/core/conversation/display_conversation.php on Line 193
11/16/2013 17:58:21 - PHP ERROR [Notice] -Undefined variable: time in /Users/stitchsori/Developpement/www/ChatBotCore/chatbot/conversation_start.php on Line 173
11/16/2013 17:58:21 - PHP ERROR [Warning] -file_put_contents(/Users/stitchsori/Developpement/www/ChatBotCore/chatbot/debug/5d1ff10a2a688992f86716cf0f5da713.txt): failed to open stream: No such file or directory in /Users/stitchsori/Developpement/www/ChatBotCore/library/error_functions.php on Line 260
